<?xml version="1.0" encoding="UTF-8"?>
<!-- Generated by org.testng.reporters.JUnitXMLReporter -->
<testsuite ignored="4" hostname="DESKTOP-6QPA4M0" failures="4" tests="51" name="Test_All" time="765.386" errors="0" timestamp="2024-11-06T08:23:49 IST">
  <testcase classname="com.ixfi.testcases.IndexPageTest" name="validateMarketTrendGainersTableDataTest" time="5.138"/>
  <testcase classname="com.ixfi.testcases.IndexPageTest" name="validateMarketTrendLosersTableDataTest" time="5.189">
    <failure type="java.lang.AssertionError" message="Row 5: 24h CHG value should be negative. Found: +2.89% expected [true] but found [false]">
      <![CDATA[java.lang.AssertionError: Row 5: 24h CHG value should be negative. Found: +2.89% expected [true] but found [false]
at com.ixfi.testcases.IndexPageTest.validateMarketTrendLosersTableDataTest(IndexPageTest.java:617)
at java.base/java.util.ArrayList.forEach(ArrayList.java:1596)
... Removed 28 stack frames]]>
    </failure>
  </testcase> <!-- validateMarketTrendLosersTableDataTest -->
  <testcase classname="com.ixfi.testcases.IndexPageTest" name="validateMarketTrendTopTableDataTest" time="5.032"/>
  <testcase classname="com.ixfi.testcases.IndexPageTest" name="verifyDetailsButtonFromTheMarketTablesActionColumnIsClickableAndOpenItInNewTab" time="29.431"/>
  <testcase classname="com.ixfi.testcases.IndexPageTest" name="verifyDownloadButtonIsClickableUnderHamburgerMenu" time="5.138"/>
  <testcase classname="com.ixfi.testcases.IndexPageTest" name="verifyIXFIWebPageTitle" time="0.023"/>
  <testcase classname="com.ixfi.testcases.IndexPageTest" name="verifyLangaugeButtonIsClickableUnderHamburgerMenuAndUserIsAbleToExtractTheLanguagesAndClickOnThem" time="12.956"/>
  <testcase classname="com.ixfi.testcases.IndexPageTest" name="verifyLoginButtonIsClickable" time="0.223"/>
  <testcase classname="com.ixfi.testcases.IndexPageTest" name="verifyLoginButtonIsClickableAndUserIsNavigatedToLoginPage" time="4.244"/>
  <testcase classname="com.ixfi.testcases.IndexPageTest" name="verifyPresenceOfIxfiLogo" time="0.06"/>
  <testcase classname="com.ixfi.testcases.IndexPageTest" name="verifySignUpButtonIsClickable" time="0.212"/>
  <testcase classname="com.ixfi.testcases.IndexPageTest" name="verifyThatBottomSectionsDownloadAppWillOpenInNewTab" time="13.619"/>
  <testcase classname="com.ixfi.testcases.IndexPageTest" name="verifyThatCurrencyButtonIsClickableUnderHamburgerMenuAndUserIsAbleToSelectTheCurrency" time="13.436"/>
  <testcase classname="com.ixfi.testcases.IndexPageTest" name="verifyThatStartTradingNowButtonIsClickableAndUserIsNavigatedToTradePage" time="4.129"/>
  <testcase classname="com.ixfi.testcases.IndexPageTest" name="verifyThatTopSectionsDownloadAppWillOpenInNewTab" time="6.693"/>
  <testcase classname="com.ixfi.testcases.IndexPageTest" name="verifyThatUserIsAbleToClickOnCompleteTaskSectionAndAbleToNavigateToTheRewardsProgramTaskCenterPage" time="3.125"/>
  <testcase classname="com.ixfi.testcases.IndexPageTest" name="verifyThatUserIsAbleToClickOnGetFreeCryptoSectionAndAbleToNavigateToTheRewardsProgramPage" time="6.007"/>
  <testcase classname="com.ixfi.testcases.IndexPageTest" name="verifyThatUserIsAbleToClickOnJoinIXFISectionAndAbleToNavigateToTheSignUpPage" time="4.198"/>
  <testcase classname="com.ixfi.testcases.IndexPageTest" name="verifyThatUserIsAbleToNavigateToTheEarnPlatformRewardsProgramSectionAndValidateTheParagraphOfTheSection" time="0.15"/>
  <testcase classname="com.ixfi.testcases.IndexPageTest" name="verifyThatUserIsAbleToNavigateToTheEarnPlatformRewardsProgramSectionAndValidateTheTitleOfTheSection" time="0.128"/>
  <testcase classname="com.ixfi.testcases.IndexPageTest" name="verifyThatWeeklySummaryReportSectionIsPresentAndUserIsAbleToClickOnReadMoreButtonAndOpenTheSummaryReportOnNewTab" time="55.918"/>
  <testcase classname="com.ixfi.testcases.IndexPageTest" name="verifyTheDayLightModeIsChangingWhenUserClicksOnItFromDayToNightMode" time="0.394"/>
  <testcase classname="com.ixfi.testcases.IndexPageTest" name="verifyTheDayLightModeIsChangingWhenUserClicksOnItFromNightToDayMode" time="1.071"/>
  <testcase classname="com.ixfi.testcases.IndexPageTest" name="verifyThePresenceOfConvertMenuDD" time="30.1"/>
  <testcase classname="com.ixfi.testcases.IndexPageTest" name="verifyThePresenceOfCryptoParaText" time="0.061"/>
  <testcase classname="com.ixfi.testcases.IndexPageTest" name="verifyThePresenceOfGen3_0CryptoExchangeText" time="0.072"/>
  <testcase classname="com.ixfi.testcases.IndexPageTest" name="verifyThePresenceOfHeaderMenu" time="0.418"/>
  <testcase classname="com.ixfi.testcases.IndexPageTest" name="verifyThePresenceOfResearchMenuDD" time="0.255"/>
  <testcase classname="com.ixfi.testcases.IndexPageTest" name="verifyThePresenceOfRewardsProgramMenuDD" time="0.354"/>
  <testcase classname="com.ixfi.testcases.IndexPageTest" name="verifyTradeButtonFromTheMarketTablesActionColumnIsClickableAndOpenItInNewTab" time="29.807"/>
  <testcase classname="com.ixfi.testcases.IndexPageTest" name="verifyUserIsAbleToClickOnAirdropsCardAndAbleToNavigateToAirdropsPage" time="2.448"/>
  <testcase classname="com.ixfi.testcases.IndexPageTest" name="verifyUserIsAbleToClickOnConvertFeeCardAndAbleToNavigateToConvertPage" time="5.235"/>
  <testcase classname="com.ixfi.testcases.IndexPageTest" name="verifyUserIsAbleToClickOnReferralProgramCardAndAbleToNavigateToReferralProgamPage" time="5.254"/>
  <testcase classname="com.ixfi.testcases.IndexPageTest" name="verifyUserIsAbleToClickOnRewardsCenterCardAndAbleToNavigateToRewardsPage" time="1.894"/>
  <testcase classname="com.ixfi.testcases.SignUpPageTest" name="verifyCreateAccountButtonRemainsDisabledUntilTermsAndConditionsAcceptanceTest" time="1.727"/>
  <testcase classname="com.ixfi.testcases.SignUpPageTest" name="verifyCreateAccountByEmailFunctionalityTest" time="7.98"/>
  <testcase classname="com.ixfi.testcases.SignUpPageTest" name="verifyCreateAccountByPhoneFunctionalityTest" time="7.791"/>
  <testcase classname="com.ixfi.testcases.SignUpPageTest" name="verifyThatEyeButtonIsClickableAndBothPasswordIsCorrect" time="37.766">
    <failure type="org.openqa.selenium.TimeoutException" message="Expected condition failed: waiting for element to be clickable: Proxy element for: DefaultElementLocator &amp;apos;By.xpath: //div[@class=&amp;apos;email-phone-tabs&amp;apos;]//div[2]//div[1]//button[1]//img[1]&amp;apos; (tried for 15 second(s) with 500 milliseconds interval)">
      <![CDATA[org.openqa.selenium.TimeoutException: Expected condition failed: waiting for element to be clickable: Proxy element for: DefaultElementLocator 'By.xpath: //div[@class='email-phone-tabs']//div[2]//div[1]//button[1]//img[1]' (tried for 15 second(s) with 500 milliseconds interval)
at org.openqa.selenium.support.ui.WebDriverWait.timeoutException(WebDriverWait.java:84)
at org.openqa.selenium.support.ui.FluentWait.until(FluentWait.java:228)
at com.ixfi.actiondriver.Action.waitForElementToBeClickable(Action.java:49)
at com.ixfi.actiondriver.Action.click(Action.java:68)
at com.ixfi.pageobjects.SignUpPage.clickOnPasswordEyeImage(SignUpPage.java:164)
at com.ixfi.testcases.SignUpPageTest.verifyThatEyeButtonIsClickableAndBothPasswordIsCorrect(SignUpPageTest.java:108)
at java.base/java.util.ArrayList.forEach(ArrayList.java:1596)
Caused by: org.openqa.selenium.NoSuchElementException: no such element: Unable to locate element: {"method":"xpath","selector":"//div[@class='email-phone-tabs']//div[2]//div[1]//button[1]//img[1]"}
  (Session info: chrome=130.0.6723.92)
For documentation on this error, please visit: https://www.selenium.dev/documentation/webdriver/troubleshooting/errors#no-such-element-exception
Build info: version: '4.25.0', revision: '8a8aea2337'
System info: os.name: 'Windows 11', os.arch: 'amd64', os.version: '10.0', java.version: '21.0.4'
Driver info: org.openqa.selenium.chrome.ChromeDriver
Command: [57a5735b98f4f562d173a04491e27594, findElement {using=xpath, value=//div[@class='email-phone-tabs']//div[2]//div[1]//button[1]//img[1]}]
Capabilities {acceptInsecureCerts: false, browserName: chrome, browserVersion: 130.0.6723.92, chrome: {chromedriverVersion: 130.0.6723.93 (dbcf0550c05e..., userDataDir: C:\Users\ramc\AppData\Local...}, fedcm:accounts: true, goog:chromeOptions: {debuggerAddress: localhost:55134}, networkConnectionEnabled: false, pageLoadStrategy: normal, platformName: windows, proxy: Proxy(), se:cdp: ws://localhost:55134/devtoo..., se:cdpVersion: 130.0.6723.92, setWindowRect: true, strictFileInteractability: false, timeouts: {implicit: 0, pageLoad: 300000, script: 30000}, unhandledPromptBehavior: dismiss and notify, webauthn:extension:credBlob: true, webauthn:extension:largeBlob: true, webauthn:extension:minPinLength: true, webauthn:extension:prf: true, webauthn:virtualAuthenticators: true}
Session ID: 57a5735b98f4f562d173a04491e27594
at org.openqa.selenium.remote.ErrorCodec.decode(ErrorCodec.java:167)
at org.openqa.selenium.remote.codec.w3c.W3CHttpResponseCodec.decode(W3CHttpResponseCodec.java:138)
at org.openqa.selenium.remote.codec.w3c.W3CHttpResponseCodec.decode(W3CHttpResponseCodec.java:50)
at org.openqa.selenium.remote.HttpCommandExecutor.execute(HttpCommandExecutor.java:190)
at org.openqa.selenium.remote.service.DriverCommandExecutor.invokeExecute(DriverCommandExecutor.java:216)
at org.openqa.selenium.remote.service.DriverCommandExecutor.execute(DriverCommandExecutor.java:174)
at org.openqa.selenium.remote.RemoteWebDriver.execute(RemoteWebDriver.java:545)
at org.openqa.selenium.remote.ElementLocation$ElementFinder$2.findElement(ElementLocation.java:165)
at org.openqa.selenium.remote.ElementLocation.findElement(ElementLocation.java:59)
at org.openqa.selenium.remote.RemoteWebDriver.findElement(RemoteWebDriver.java:368)
at org.openqa.selenium.remote.RemoteWebDriver.findElement(RemoteWebDriver.java:362)
at org.openqa.selenium.support.pagefactory.DefaultElementLocator.findElement(DefaultElementLocator.java:68)
at org.openqa.selenium.support.pagefactory.internal.LocatingElementHandler.invoke(LocatingElementHandler.java:38)
at jdk.proxy2/jdk.proxy2.$Proxy31.isDisplayed(Unknown Source)
at org.openqa.selenium.support.ui.ExpectedConditions.elementIfVisible(ExpectedConditions.java:304)
at org.openqa.selenium.support.ui.ExpectedConditions$10.apply(ExpectedConditions.java:290)
at org.openqa.selenium.support.ui.ExpectedConditions$10.apply(ExpectedConditions.java:287)
at org.openqa.selenium.support.ui.ExpectedConditions$23.apply(ExpectedConditions.java:656)
at org.openqa.selenium.support.ui.ExpectedConditions$23.apply(ExpectedConditions.java:652)
at org.openqa.selenium.support.ui.FluentWait.until(FluentWait.java:203)
... 30 more
... Removed 28 stack frames]]>
    </failure>
  </testcase> <!-- verifyThatEyeButtonIsClickableAndBothPasswordIsCorrect -->
  <testcase classname="com.ixfi.testcases.SignUpPageTest" name="verifyThatUserIsNavigatedToLoginPageAfterClickinOnLoginLinkPresentOnSignUpPageTest" time="6.739"/>
  <testcase classname="com.ixfi.testcases.SignUpPageTest" name="verifyThatUserIsNavigatedToSignUpPageAfterClickingOnRegisterButton" time="2.051"/>
  <testcase classname="com.ixfi.testcases.LoginPageTest" name="verifyLoginByEmailFunctionality" time="24.013">
    <failure type="org.openqa.selenium.TimeoutException" message="Expected condition failed: waiting for element to be clickable: Proxy element for: DefaultElementLocator &amp;apos;By.xpath: //button[text()=&amp;apos; Send OTP &amp;apos;]&amp;apos; (tried for 15 second(s) with 500 milliseconds interval)">
      <![CDATA[org.openqa.selenium.TimeoutException: Expected condition failed: waiting for element to be clickable: Proxy element for: DefaultElementLocator 'By.xpath: //button[text()=' Send OTP ']' (tried for 15 second(s) with 500 milliseconds interval)
at org.openqa.selenium.support.ui.WebDriverWait.timeoutException(WebDriverWait.java:84)
at org.openqa.selenium.support.ui.FluentWait.until(FluentWait.java:228)
at com.ixfi.actiondriver.Action.waitForElementToBeClickable(Action.java:49)
at com.ixfi.actiondriver.Action.click(Action.java:68)
at com.ixfi.pageobjects.AuthValidationPage.enterOTP(AuthValidationPage.java:50)
at com.ixfi.pageobjects.LoginPage.loginUsingEmailID(LoginPage.java:111)
at com.ixfi.testcases.LoginPageTest.verifyLoginByEmailFunctionality(LoginPageTest.java:59)
at java.base/java.util.ArrayList.forEach(ArrayList.java:1596)
Caused by: org.openqa.selenium.NoSuchElementException: no such element: Unable to locate element: {"method":"xpath","selector":"//button[text()=' Send OTP ']"}
  (Session info: chrome=130.0.6723.92)
For documentation on this error, please visit: https://www.selenium.dev/documentation/webdriver/troubleshooting/errors#no-such-element-exception
Build info: version: '4.25.0', revision: '8a8aea2337'
System info: os.name: 'Windows 11', os.arch: 'amd64', os.version: '10.0', java.version: '21.0.4'
Driver info: org.openqa.selenium.chrome.ChromeDriver
Command: [9f8e86d8ea91622b0176ad5b0ce106cd, findElement {using=xpath, value=//button[text()=' Send OTP ']}]
Capabilities {acceptInsecureCerts: false, browserName: chrome, browserVersion: 130.0.6723.92, chrome: {chromedriverVersion: 130.0.6723.93 (dbcf0550c05e..., userDataDir: C:\Users\ramc\AppData\Local...}, fedcm:accounts: true, goog:chromeOptions: {debuggerAddress: localhost:55388}, networkConnectionEnabled: false, pageLoadStrategy: normal, platformName: windows, proxy: Proxy(), se:cdp: ws://localhost:55388/devtoo..., se:cdpVersion: 130.0.6723.92, setWindowRect: true, strictFileInteractability: false, timeouts: {implicit: 0, pageLoad: 300000, script: 30000}, unhandledPromptBehavior: dismiss and notify, webauthn:extension:credBlob: true, webauthn:extension:largeBlob: true, webauthn:extension:minPinLength: true, webauthn:extension:prf: true, webauthn:virtualAuthenticators: true}
Session ID: 9f8e86d8ea91622b0176ad5b0ce106cd
at org.openqa.selenium.remote.ErrorCodec.decode(ErrorCodec.java:167)
at org.openqa.selenium.remote.codec.w3c.W3CHttpResponseCodec.decode(W3CHttpResponseCodec.java:138)
at org.openqa.selenium.remote.codec.w3c.W3CHttpResponseCodec.decode(W3CHttpResponseCodec.java:50)
at org.openqa.selenium.remote.HttpCommandExecutor.execute(HttpCommandExecutor.java:190)
at org.openqa.selenium.remote.service.DriverCommandExecutor.invokeExecute(DriverCommandExecutor.java:216)
at org.openqa.selenium.remote.service.DriverCommandExecutor.execute(DriverCommandExecutor.java:174)
at org.openqa.selenium.remote.RemoteWebDriver.execute(RemoteWebDriver.java:545)
at org.openqa.selenium.remote.ElementLocation$ElementFinder$2.findElement(ElementLocation.java:165)
at org.openqa.selenium.remote.ElementLocation.findElement(ElementLocation.java:59)
at org.openqa.selenium.remote.RemoteWebDriver.findElement(RemoteWebDriver.java:368)
at org.openqa.selenium.remote.RemoteWebDriver.findElement(RemoteWebDriver.java:362)
at org.openqa.selenium.support.pagefactory.DefaultElementLocator.findElement(DefaultElementLocator.java:68)
at org.openqa.selenium.support.pagefactory.internal.LocatingElementHandler.invoke(LocatingElementHandler.java:38)
at jdk.proxy2/jdk.proxy2.$Proxy31.isDisplayed(Unknown Source)
at org.openqa.selenium.support.ui.ExpectedConditions.elementIfVisible(ExpectedConditions.java:304)
at org.openqa.selenium.support.ui.ExpectedConditions$10.apply(ExpectedConditions.java:290)
at org.openqa.selenium.support.ui.ExpectedConditions$10.apply(ExpectedConditions.java:287)
at org.openqa.selenium.support.ui.ExpectedConditions$23.apply(ExpectedConditions.java:656)
at org.openqa.selenium.support.ui.ExpectedConditions$23.apply(ExpectedConditions.java:652)
at org.openqa.selenium.support.ui.FluentWait.until(FluentWait.java:203)
... 31 more
... Removed 28 stack frames]]>
    </failure>
  </testcase> <!-- verifyLoginByEmailFunctionality -->
  <testcase classname="com.ixfi.testcases.LoginPageTest" name="verifyLoginByPhoneNumberFunctionality" time="42.377"/>
  <testcase classname="com.ixfi.testcases.LoginPageTest" name="verifyThatByClickingOnIXFILogoAndNotAcceptingThePopUPTheUserIsNotNavigatedBackToTheIndexPage" time="6.066"/>
  <testcase classname="com.ixfi.testcases.LoginPageTest" name="verifyThatByClickingOnIXFILogoTheUserIsNavigatedBackToTheIndexPage" time="6.636"/>
  <testcase classname="com.ixfi.testcases.LoginPageTest" name="verifyThatTheDayLightButtonIsClickableAndAbleToChangeTheDarkAndLightMode" time="4.33"/>
  <testcase classname="com.ixfi.testcases.LoginPageTest" name="verifyThatUserIsAbleToClickOnDownloadButtonPresentOnTop" time="34.265">
    <failure type="org.openqa.selenium.TimeoutException" message="Expected condition failed: waiting for element to be clickable: Proxy element for: DefaultElementLocator &amp;apos;By.xpath: //div[@class=&amp;apos;app-icon ng-tns-c3471902502-1 ng-star-inserted&amp;apos;]/img&amp;apos; (tried for 10 second(s) with 500 milliseconds interval)">
      <![CDATA[org.openqa.selenium.TimeoutException: Expected condition failed: waiting for element to be clickable: Proxy element for: DefaultElementLocator 'By.xpath: //div[@class='app-icon ng-tns-c3471902502-1 ng-star-inserted']/img' (tried for 10 second(s) with 500 milliseconds interval)
at org.openqa.selenium.support.ui.WebDriverWait.timeoutException(WebDriverWait.java:84)
at org.openqa.selenium.support.ui.FluentWait.until(FluentWait.java:228)
at com.ixfi.actiondriver.Action.waitForElementToBeClickable(Action.java:49)
at com.ixfi.pageobjects.LoginPage.clickOnAosAndIosAppIcon(LoginPage.java:216)
at com.ixfi.testcases.LoginPageTest.verifyThatUserIsAbleToClickOnDownloadButtonPresentOnTop(LoginPageTest.java:157)
at java.base/java.util.ArrayList.forEach(ArrayList.java:1596)
Caused by: org.openqa.selenium.NoSuchElementException: no such element: Unable to locate element: {"method":"xpath","selector":"//div[@class='app-icon ng-tns-c3471902502-1 ng-star-inserted']/img"}
  (Session info: chrome=130.0.6723.92)
For documentation on this error, please visit: https://www.selenium.dev/documentation/webdriver/troubleshooting/errors#no-such-element-exception
Build info: version: '4.25.0', revision: '8a8aea2337'
System info: os.name: 'Windows 11', os.arch: 'amd64', os.version: '10.0', java.version: '21.0.4'
Driver info: org.openqa.selenium.chrome.ChromeDriver
Command: [2bc0cf70afa832de801a3af04bab2856, findElement {using=xpath, value=//div[@class='app-icon ng-tns-c3471902502-1 ng-star-inserted']/img}]
Capabilities {acceptInsecureCerts: false, browserName: chrome, browserVersion: 130.0.6723.92, chrome: {chromedriverVersion: 130.0.6723.93 (dbcf0550c05e..., userDataDir: C:\Users\ramc\AppData\Local...}, fedcm:accounts: true, goog:chromeOptions: {debuggerAddress: localhost:55805}, networkConnectionEnabled: false, pageLoadStrategy: normal, platformName: windows, proxy: Proxy(), se:cdp: ws://localhost:55805/devtoo..., se:cdpVersion: 130.0.6723.92, setWindowRect: true, strictFileInteractability: false, timeouts: {implicit: 0, pageLoad: 300000, script: 30000}, unhandledPromptBehavior: dismiss and notify, webauthn:extension:credBlob: true, webauthn:extension:largeBlob: true, webauthn:extension:minPinLength: true, webauthn:extension:prf: true, webauthn:virtualAuthenticators: true}
Session ID: 2bc0cf70afa832de801a3af04bab2856
at org.openqa.selenium.remote.ErrorCodec.decode(ErrorCodec.java:167)
at org.openqa.selenium.remote.codec.w3c.W3CHttpResponseCodec.decode(W3CHttpResponseCodec.java:138)
at org.openqa.selenium.remote.codec.w3c.W3CHttpResponseCodec.decode(W3CHttpResponseCodec.java:50)
at org.openqa.selenium.remote.HttpCommandExecutor.execute(HttpCommandExecutor.java:190)
at org.openqa.selenium.remote.service.DriverCommandExecutor.invokeExecute(DriverCommandExecutor.java:216)
at org.openqa.selenium.remote.service.DriverCommandExecutor.execute(DriverCommandExecutor.java:174)
at org.openqa.selenium.remote.RemoteWebDriver.execute(RemoteWebDriver.java:545)
at org.openqa.selenium.remote.ElementLocation$ElementFinder$2.findElement(ElementLocation.java:165)
at org.openqa.selenium.remote.ElementLocation.findElement(ElementLocation.java:59)
at org.openqa.selenium.remote.RemoteWebDriver.findElement(RemoteWebDriver.java:368)
at org.openqa.selenium.remote.RemoteWebDriver.findElement(RemoteWebDriver.java:362)
at org.openqa.selenium.support.pagefactory.DefaultElementLocator.findElement(DefaultElementLocator.java:68)
at org.openqa.selenium.support.pagefactory.internal.LocatingElementHandler.invoke(LocatingElementHandler.java:38)
at jdk.proxy2/jdk.proxy2.$Proxy31.isDisplayed(Unknown Source)
at org.openqa.selenium.support.ui.ExpectedConditions.elementIfVisible(ExpectedConditions.java:304)
at org.openqa.selenium.support.ui.ExpectedConditions$10.apply(ExpectedConditions.java:290)
at org.openqa.selenium.support.ui.ExpectedConditions$10.apply(ExpectedConditions.java:287)
at org.openqa.selenium.support.ui.ExpectedConditions$23.apply(ExpectedConditions.java:656)
at org.openqa.selenium.support.ui.ExpectedConditions$23.apply(ExpectedConditions.java:652)
at org.openqa.selenium.support.ui.FluentWait.until(FluentWait.java:203)
... 29 more
... Removed 28 stack frames]]>
    </failure>
  </testcase> <!-- verifyThatUserIsAbleToClickOnDownloadButtonPresentOnTop -->
  <testcase classname="com.ixfi.testcases.LoginPageTest" name="verifyThatUserIsAbleToClickOnEyeIconAndGrabTheTextOfPassword" time="4.921"/>
  <testcase classname="com.ixfi.testcases.LoginPageTest" name="verifyThatUserIsNavigatedToLoginPage" time="1.446"/>
  <testcase classname="com.ixfi.testcases.LoginPageTest" name="verifyThatUserIsNavigatedToSignUpPageByClickingSingUpNowLink" time="2.612"/>
  <testcase classname="com.ixfi.testcases.LoginPageTest" name="verifyThatUserIsNotAbleToLoginByInvalidEmailAndPassword" time="9.104"/>
  <testcase classname="com.ixfi.testcases.LoginPageTest" name="verifyUserIsAbleToClickOnForgotPasswordLinkAndForgotPasswordPageTitle" time="2.044"/>
  <testcase classname="com.ixfi.basepage.BaseClass" name="@AfterSuite afterSuite" time="0.0">
    <ignored/>
  </testcase> <!-- @AfterSuite afterSuite -->
  <testcase classname="com.ixfi.basepage.BaseClass" name="@AfterSuite afterSuite" time="0.0">
    <ignored/>
  </testcase> <!-- @AfterSuite afterSuite -->
  <testcase classname="com.ixfi.basepage.BaseClass" name="@BeforeSuite loadConfiguration" time="0.0">
    <ignored/>
  </testcase> <!-- @BeforeSuite loadConfiguration -->
  <testcase classname="com.ixfi.basepage.BaseClass" name="@BeforeSuite loadConfiguration" time="0.0">
    <ignored/>
  </testcase> <!-- @BeforeSuite loadConfiguration -->
</testsuite> <!-- Test_All -->
