<?xml version="1.0" encoding="UTF-8"?>
<!-- Generated by org.testng.reporters.JUnitXMLReporter -->
<testsuite ignored="10" hostname="DESKTOP-6QPA4M0" failures="3" tests="73" name="Test_All" time="1463.509" errors="0" timestamp="2024-12-09T14:44:16 IST">
  <testcase classname="com.ixfi.testcases.IndexPageTest" name="validateMarketTrendGainersTableDataTest" time="5.133"/>
  <testcase classname="com.ixfi.testcases.IndexPageTest" name="validateMarketTrendLosersTableDataTest" time="5.013"/>
  <testcase classname="com.ixfi.testcases.IndexPageTest" name="validateMarketTrendTopTableDataTest" time="4.887"/>
  <testcase classname="com.ixfi.testcases.IndexPageTest" name="verifyDetailsButtonFromTheMarketTablesActionColumnIsClickableAndOpenItInNewTab" time="35.748"/>
  <testcase classname="com.ixfi.testcases.IndexPageTest" name="verifyDownloadButtonIsClickableUnderHamburgerMenu" time="5.093"/>
  <testcase classname="com.ixfi.testcases.IndexPageTest" name="verifyIXFIWebPageTitle" time="0.107"/>
  <testcase classname="com.ixfi.testcases.IndexPageTest" name="verifyLangaugeButtonIsClickableUnderHamburgerMenuAndUserIsAbleToExtractTheLanguagesAndClickOnThem" time="11.722"/>
  <testcase classname="com.ixfi.testcases.IndexPageTest" name="verifyLoginButtonIsClickable" time="0.423"/>
  <testcase classname="com.ixfi.testcases.IndexPageTest" name="verifyLoginButtonIsClickableAndUserIsNavigatedToLoginPage" time="4.291"/>
  <testcase classname="com.ixfi.testcases.IndexPageTest" name="verifyPresenceOfIxfiLogo" time="0.073"/>
  <testcase classname="com.ixfi.testcases.IndexPageTest" name="verifySignUpButtonIsClickable" time="0.375"/>
  <testcase classname="com.ixfi.testcases.IndexPageTest" name="verifyThatBottomSectionsDownloadAppWillOpenInNewTab" time="13.908"/>
  <testcase classname="com.ixfi.testcases.IndexPageTest" name="verifyThatCurrencyButtonIsClickableUnderHamburgerMenuAndUserIsAbleToSelectTheCurrency" time="12.377"/>
  <testcase classname="com.ixfi.testcases.IndexPageTest" name="verifyThatStartTradingNowButtonIsClickableAndUserIsNavigatedToTradePage" time="4.149"/>
  <testcase classname="com.ixfi.testcases.IndexPageTest" name="verifyThatTopSectionsDownloadAppWillOpenInNewTab" time="8.021"/>
  <testcase classname="com.ixfi.testcases.IndexPageTest" name="verifyThatUserIsAbleToClickOnCompleteTaskSectionAndAbleToNavigateToTheRewardsProgramTaskCenterPage" time="2.74"/>
  <testcase classname="com.ixfi.testcases.IndexPageTest" name="verifyThatUserIsAbleToClickOnGetFreeCryptoSectionAndAbleToNavigateToTheRewardsProgramPage" time="6.133"/>
  <testcase classname="com.ixfi.testcases.IndexPageTest" name="verifyThatUserIsAbleToClickOnJoinIXFISectionAndAbleToNavigateToTheSignUpPage" time="4.219"/>
  <testcase classname="com.ixfi.testcases.IndexPageTest" name="verifyThatUserIsAbleToNavigateToTheEarnPlatformRewardsProgramSectionAndValidateTheParagraphOfTheSection" time="0.308"/>
  <testcase classname="com.ixfi.testcases.IndexPageTest" name="verifyThatUserIsAbleToNavigateToTheEarnPlatformRewardsProgramSectionAndValidateTheTitleOfTheSection" time="0.205"/>
  <testcase classname="com.ixfi.testcases.IndexPageTest" name="verifyThatWeeklySummaryReportSectionIsPresentAndUserIsAbleToClickOnReadMoreButtonAndOpenTheSummaryReportOnNewTab" time="51.583"/>
  <testcase classname="com.ixfi.testcases.IndexPageTest" name="verifyTheDayLightModeIsChangingWhenUserClicksOnItFromDayToNightMode" time="0.454"/>
  <testcase classname="com.ixfi.testcases.IndexPageTest" name="verifyTheDayLightModeIsChangingWhenUserClicksOnItFromNightToDayMode" time="1.533"/>
  <testcase classname="com.ixfi.testcases.IndexPageTest" name="verifyThePresenceOfConvertMenuDD" time="30.172"/>
  <testcase classname="com.ixfi.testcases.IndexPageTest" name="verifyThePresenceOfCryptoParaText" time="0.068"/>
  <testcase classname="com.ixfi.testcases.IndexPageTest" name="verifyThePresenceOfGen3_0CryptoExchangeText" time="0.069"/>
  <testcase classname="com.ixfi.testcases.IndexPageTest" name="verifyThePresenceOfHeaderMenu" time="0.941"/>
  <testcase classname="com.ixfi.testcases.IndexPageTest" name="verifyThePresenceOfResearchMenuDD" time="0.51"/>
  <testcase classname="com.ixfi.testcases.IndexPageTest" name="verifyThePresenceOfRewardsProgramMenuDD" time="0.429"/>
  <testcase classname="com.ixfi.testcases.IndexPageTest" name="verifyTradeButtonFromTheMarketTablesActionColumnIsClickableAndOpenItInNewTab" time="17.246">
    <failure type="java.lang.AssertionError" message="Test failed due to an exception.">
      <![CDATA[java.lang.AssertionError: Test failed due to an exception.
at com.ixfi.testcases.IndexPageTest.verifyTradeButtonFromTheMarketTablesActionColumnIsClickableAndOpenItInNewTab(IndexPageTest.java:684)
at java.base/java.util.ArrayList.forEach(ArrayList.java:1596)
... Removed 26 stack frames]]>
    </failure>
  </testcase> <!-- verifyTradeButtonFromTheMarketTablesActionColumnIsClickableAndOpenItInNewTab -->
  <testcase classname="com.ixfi.testcases.IndexPageTest" name="verifyUserIsAbleToClickOnAirdropsCardAndAbleToNavigateToAirdropsPage" time="2.578"/>
  <testcase classname="com.ixfi.testcases.IndexPageTest" name="verifyUserIsAbleToClickOnConvertFeeCardAndAbleToNavigateToConvertPage" time="5.614"/>
  <testcase classname="com.ixfi.testcases.IndexPageTest" name="verifyUserIsAbleToClickOnReferralProgramCardAndAbleToNavigateToReferralProgamPage" time="5.37"/>
  <testcase classname="com.ixfi.testcases.IndexPageTest" name="verifyUserIsAbleToClickOnRewardsCenterCardAndAbleToNavigateToRewardsPage" time="2.621"/>
  <testcase classname="com.ixfi.testcases.SignUpPageTest" name="verifyCreateAccountButtonRemainsDisabledUntilTermsAndConditionsAcceptanceTest" time="1.102"/>
  <testcase classname="com.ixfi.testcases.SignUpPageTest" name="verifyCreateAccountByEmailFunctionalityTest" time="10.381"/>
  <testcase classname="com.ixfi.testcases.SignUpPageTest" name="verifyCreateAccountByPhoneFunctionalityTest" time="8.28"/>
  <testcase classname="com.ixfi.testcases.SignUpPageTest" name="verifyThatEyeButtonIsClickableAndBothPasswordIsCorrect" time="4.901"/>
  <testcase classname="com.ixfi.testcases.SignUpPageTest" name="verifyThatTheDayLightButtonIsClickableAndAbleToChangeTheDarkAndLightMode" time="9.319"/>
  <testcase classname="com.ixfi.testcases.SignUpPageTest" name="verifyThatUserIsNavigatedToLoginPageAfterClickinOnLoginLinkPresentOnSignUpPageTest" time="6.369"/>
  <testcase classname="com.ixfi.testcases.SignUpPageTest" name="verifyThatUserIsNavigatedToSignUpPageAfterClickingOnRegisterButton" time="0.941"/>
  <testcase classname="com.ixfi.testcases.SignUpPageTest" name="verifyThatWhenUserEntersWrongInputsWhileSignUpWithEmailItShowsProperValidationMessage" time="2.205"/>
  <testcase classname="com.ixfi.testcases.SignUpPageTest" name="verifyThatWhenUserEntersWrongInputsWhileSignUpWithPhoneNumberItShowsProperValidationMessage" time="2.476"/>
  <testcase classname="com.ixfi.testcases.SignUpPageTest" name="verifyUserIsNavigatedBackToTheHomePageByClickingOnIxfiLogo" time="6.146"/>
  <testcase classname="com.ixfi.testcases.SignUpPageTest" name="verifyUserIsNotNavigatedBackToTheHomePageByClickingOnIxfiLogoAndNoOnPopup" time="7.168"/>
  <testcase classname="com.ixfi.testcases.LoginPageTest" name="verifyLoginByEmailFunctionality" time="24.327">
    <failure type="org.openqa.selenium.TimeoutException" message="Expected condition failed: waiting for element to be clickable: Proxy element for: DefaultElementLocator &amp;apos;By.xpath: //button[text()=&amp;apos; Send OTP &amp;apos;]&amp;apos; (tried for 15 second(s) with 500 milliseconds interval)">
      <![CDATA[org.openqa.selenium.TimeoutException: Expected condition failed: waiting for element to be clickable: Proxy element for: DefaultElementLocator 'By.xpath: //button[text()=' Send OTP ']' (tried for 15 second(s) with 500 milliseconds interval)
at org.openqa.selenium.support.ui.WebDriverWait.timeoutException(WebDriverWait.java:84)
at org.openqa.selenium.support.ui.FluentWait.until(FluentWait.java:228)
at com.ixfi.actiondriver.Action.waitForElementToBeClickable(Action.java:57)
at com.ixfi.actiondriver.Action.click(Action.java:76)
at com.ixfi.pageobjects.AuthValidationPage.enterOTP(AuthValidationPage.java:50)
at com.ixfi.pageobjects.LoginPage.loginUsingEmailID(LoginPage.java:112)
at com.ixfi.testcases.LoginPageTest.verifyLoginByEmailFunctionality(LoginPageTest.java:59)
at java.base/java.util.ArrayList.forEach(ArrayList.java:1596)
Caused by: org.openqa.selenium.NoSuchElementException: no such element: Unable to locate element: {"method":"xpath","selector":"//button[text()=' Send OTP ']"}
  (Session info: chrome=131.0.6778.86)
For documentation on this error, please visit: https://www.selenium.dev/documentation/webdriver/troubleshooting/errors#no-such-element-exception
Build info: version: '4.26.0', revision: '8ccf0219d7'
System info: os.name: 'Windows 11', os.arch: 'amd64', os.version: '10.0', java.version: '21.0.4'
Driver info: org.openqa.selenium.chrome.ChromeDriver
Command: [3343e0a9b8b464e6a897152a80f76f4f, findElement {using=xpath, value=//button[text()=' Send OTP ']}]
Capabilities {acceptInsecureCerts: false, browserName: chrome, browserVersion: 131.0.6778.86, chrome: {chromedriverVersion: 131.0.6778.87 (ce31cae94873..., userDataDir: C:\Users\ramc\AppData\Local...}, fedcm:accounts: true, goog:chromeOptions: {debuggerAddress: localhost:51276}, networkConnectionEnabled: false, pageLoadStrategy: normal, platformName: windows, proxy: Proxy(), se:cdp: ws://localhost:51276/devtoo..., se:cdpVersion: 131.0.6778.86, setWindowRect: true, strictFileInteractability: false, timeouts: {implicit: 0, pageLoad: 300000, script: 30000}, unhandledPromptBehavior: dismiss and notify, webauthn:extension:credBlob: true, webauthn:extension:largeBlob: true, webauthn:extension:minPinLength: true, webauthn:extension:prf: true, webauthn:virtualAuthenticators: true}
Session ID: 3343e0a9b8b464e6a897152a80f76f4f
at org.openqa.selenium.remote.ErrorCodec.decode(ErrorCodec.java:167)
at org.openqa.selenium.remote.codec.w3c.W3CHttpResponseCodec.decode(W3CHttpResponseCodec.java:138)
at org.openqa.selenium.remote.codec.w3c.W3CHttpResponseCodec.decode(W3CHttpResponseCodec.java:50)
at org.openqa.selenium.remote.HttpCommandExecutor.execute(HttpCommandExecutor.java:190)
at org.openqa.selenium.remote.service.DriverCommandExecutor.invokeExecute(DriverCommandExecutor.java:216)
at org.openqa.selenium.remote.service.DriverCommandExecutor.execute(DriverCommandExecutor.java:174)
at org.openqa.selenium.remote.RemoteWebDriver.execute(RemoteWebDriver.java:545)
at org.openqa.selenium.remote.ElementLocation$ElementFinder$2.findElement(ElementLocation.java:165)
at org.openqa.selenium.remote.ElementLocation.findElement(ElementLocation.java:59)
at org.openqa.selenium.remote.RemoteWebDriver.findElement(RemoteWebDriver.java:368)
at org.openqa.selenium.remote.RemoteWebDriver.findElement(RemoteWebDriver.java:362)
at org.openqa.selenium.support.pagefactory.DefaultElementLocator.findElement(DefaultElementLocator.java:68)
at org.openqa.selenium.support.pagefactory.internal.LocatingElementHandler.invoke(LocatingElementHandler.java:38)
at jdk.proxy2/jdk.proxy2.$Proxy31.isDisplayed(Unknown Source)
at org.openqa.selenium.support.ui.ExpectedConditions.elementIfVisible(ExpectedConditions.java:304)
at org.openqa.selenium.support.ui.ExpectedConditions$10.apply(ExpectedConditions.java:290)
at org.openqa.selenium.support.ui.ExpectedConditions$10.apply(ExpectedConditions.java:287)
at org.openqa.selenium.support.ui.ExpectedConditions$23.apply(ExpectedConditions.java:656)
at org.openqa.selenium.support.ui.ExpectedConditions$23.apply(ExpectedConditions.java:652)
at org.openqa.selenium.support.ui.FluentWait.until(FluentWait.java:203)
... 31 more
... Removed 28 stack frames]]>
    </failure>
  </testcase> <!-- verifyLoginByEmailFunctionality -->
  <testcase classname="com.ixfi.testcases.LoginPageTest" name="verifyLoginByPhoneNumberFunctionality" time="41.981"/>
  <testcase classname="com.ixfi.testcases.LoginPageTest" name="verifyThatByClickingOnIXFILogoAndNotAcceptingThePopUPTheUserIsNotNavigatedBackToTheIndexPage" time="5.287"/>
  <testcase classname="com.ixfi.testcases.LoginPageTest" name="verifyThatByClickingOnIXFILogoTheUserIsNavigatedBackToTheIndexPage" time="8.497"/>
  <testcase classname="com.ixfi.testcases.LoginPageTest" name="verifyThatTheDayLightButtonIsClickableAndAbleToChangeTheDarkAndLightMode" time="8.501"/>
  <testcase classname="com.ixfi.testcases.LoginPageTest" name="verifyThatUserIsAbleToClickOnDownloadButtonPresentOnTop" time="4.64"/>
  <testcase classname="com.ixfi.testcases.LoginPageTest" name="verifyThatUserIsAbleToClickOnEyeIconAndGrabTheTextOfPassword" time="4.669"/>
  <testcase classname="com.ixfi.testcases.LoginPageTest" name="verifyThatUserIsNavigatedToLoginPage" time="1.162"/>
  <testcase classname="com.ixfi.testcases.LoginPageTest" name="verifyThatUserIsNavigatedToSignUpPageByClickingSingUpNowLink" time="1.743"/>
  <testcase classname="com.ixfi.testcases.LoginPageTest" name="verifyThatUserIsNotAbleToLoginByInvalidEmailAndPassword" time="9.14"/>
  <testcase classname="com.ixfi.testcases.LoginPageTest" name="verifyUserIsAbleToClickOnForgotPasswordLinkAndForgotPasswordPageTitle" time="6.491"/>
  <testcase classname="com.ixfi.testcases.ForgotPasswordPageTest" name="verifyPasswordResetLinkIsSentOnTheRegisteredEmailID" time="32.034">
    <failure type="org.openqa.selenium.StaleElementReferenceException" message="stale element reference: stale element not found in the current frame
  (Session info: chrome=131.0.6778.86)
For documentation on this error, please visit: https://www.selenium.dev/documentation/webdriver/troubleshooting/errors#stale-element-reference-exception
Build info: version: &amp;apos;4.26.0&amp;apos;, revision: &amp;apos;8ccf0219d7&amp;apos;
System info: os.name: &amp;apos;Windows 11&amp;apos;, os.arch: &amp;apos;amd64&amp;apos;, os.version: &amp;apos;10.0&amp;apos;, java.version: &amp;apos;21.0.4&amp;apos;
Driver info: org.openqa.selenium.chrome.ChromeDriver
Command: [5922826ff8ff02ed6f9061f84c03a140, isElementDisplayed {id=f.B6F6B074B7105800A3685938734ACCB9.d.FD89817AEC291EC9443311DE7AFDB89C.e.2}]
Capabilities {acceptInsecureCerts: false, browserName: chrome, browserVersion: 131.0.6778.86, chrome: {chromedriverVersion: 131.0.6778.87 (ce31cae94873..., userDataDir: C:\Users\ramc\AppData\Local...}, fedcm:accounts: true, goog:chromeOptions: {debuggerAddress: localhost:53508}, networkConnectionEnabled: false, pageLoadStrategy: normal, platformName: windows, proxy: Proxy(), se:cdp: ws://localhost:53508/devtoo..., se:cdpVersion: 131.0.6778.86, setWindowRect: true, strictFileInteractability: false, timeouts: {implicit: 0, pageLoad: 300000, script: 30000}, unhandledPromptBehavior: dismiss and notify, webauthn:extension:credBlob: true, webauthn:extension:largeBlob: true, webauthn:extension:minPinLength: true, webauthn:extension:prf: true, webauthn:virtualAuthenticators: true}
Element: [[ChromeDriver: chrome on windows (5922826ff8ff02ed6f9061f84c03a140)] -&amp;gt; xpath: //input[@placeholder=&amp;apos;New Password&amp;apos;]]
Session ID: 5922826ff8ff02ed6f9061f84c03a140">
      <![CDATA[org.openqa.selenium.StaleElementReferenceException: stale element reference: stale element not found in the current frame
  (Session info: chrome=131.0.6778.86)
For documentation on this error, please visit: https://www.selenium.dev/documentation/webdriver/troubleshooting/errors#stale-element-reference-exception
Build info: version: '4.26.0', revision: '8ccf0219d7'
System info: os.name: 'Windows 11', os.arch: 'amd64', os.version: '10.0', java.version: '21.0.4'
Driver info: org.openqa.selenium.chrome.ChromeDriver
Command: [5922826ff8ff02ed6f9061f84c03a140, isElementDisplayed {id=f.B6F6B074B7105800A3685938734ACCB9.d.FD89817AEC291EC9443311DE7AFDB89C.e.2}]
Capabilities {acceptInsecureCerts: false, browserName: chrome, browserVersion: 131.0.6778.86, chrome: {chromedriverVersion: 131.0.6778.87 (ce31cae94873..., userDataDir: C:\Users\ramc\AppData\Local...}, fedcm:accounts: true, goog:chromeOptions: {debuggerAddress: localhost:53508}, networkConnectionEnabled: false, pageLoadStrategy: normal, platformName: windows, proxy: Proxy(), se:cdp: ws://localhost:53508/devtoo..., se:cdpVersion: 131.0.6778.86, setWindowRect: true, strictFileInteractability: false, timeouts: {implicit: 0, pageLoad: 300000, script: 30000}, unhandledPromptBehavior: dismiss and notify, webauthn:extension:credBlob: true, webauthn:extension:largeBlob: true, webauthn:extension:minPinLength: true, webauthn:extension:prf: true, webauthn:virtualAuthenticators: true}
Element: [[ChromeDriver: chrome on windows (5922826ff8ff02ed6f9061f84c03a140)] -> xpath: //input[@placeholder='New Password']]
Session ID: 5922826ff8ff02ed6f9061f84c03a140
at org.openqa.selenium.remote.ErrorCodec.decode(ErrorCodec.java:167)
at org.openqa.selenium.remote.codec.w3c.W3CHttpResponseCodec.decode(W3CHttpResponseCodec.java:138)
at org.openqa.selenium.remote.codec.w3c.W3CHttpResponseCodec.decode(W3CHttpResponseCodec.java:50)
at org.openqa.selenium.remote.HttpCommandExecutor.execute(HttpCommandExecutor.java:190)
at org.openqa.selenium.remote.service.DriverCommandExecutor.invokeExecute(DriverCommandExecutor.java:216)
at org.openqa.selenium.remote.service.DriverCommandExecutor.execute(DriverCommandExecutor.java:174)
at org.openqa.selenium.remote.RemoteWebDriver.execute(RemoteWebDriver.java:545)
at org.openqa.selenium.remote.RemoteWebElement.execute(RemoteWebElement.java:223)
at org.openqa.selenium.remote.RemoteWebElement.isDisplayed(RemoteWebElement.java:282)
at org.openqa.selenium.support.pagefactory.internal.LocatingElementHandler.invoke(LocatingElementHandler.java:51)
at jdk.proxy2/jdk.proxy2.$Proxy31.isDisplayed(Unknown Source)
at org.openqa.selenium.support.ui.ExpectedConditions.elementIfVisible(ExpectedConditions.java:304)
at org.openqa.selenium.support.ui.ExpectedConditions$10.apply(ExpectedConditions.java:290)
at org.openqa.selenium.support.ui.ExpectedConditions$10.apply(ExpectedConditions.java:287)
at org.openqa.selenium.support.ui.FluentWait.until(FluentWait.java:203)
at com.ixfi.actiondriver.Action.waitForElementToBeVisible(Action.java:51)
at com.ixfi.pageobjects.ResetPasswordPage.enterNewPassword(ResetPasswordPage.java:48)
at com.ixfi.testcases.ForgotPasswordPageTest.verifyPasswordResetLinkIsSentOnTheRegisteredEmailID(ForgotPasswordPageTest.java:88)
at java.base/java.util.ArrayList.forEach(ArrayList.java:1596)
... Removed 30 stack frames]]>
    </failure>
  </testcase> <!-- verifyPasswordResetLinkIsSentOnTheRegisteredEmailID -->
  <testcase classname="com.ixfi.testcases.ForgotPasswordPageTest" name="verifyThatUserIsAbleToClickOnLoginLinkAndNavigatedToLoginPageFromPhoneForgotPasswordPage" time="6.445"/>
  <testcase classname="com.ixfi.testcases.ForgotPasswordPageTest" name="verifyThatUserIsAbleToSendTheResetLinkByClickingOnClickHereLinkOnPhoneTab" time="6.335"/>
  <testcase classname="com.ixfi.testcases.ForgotPasswordPageTest" name="verifyThatUserIsAbleToSendTheResetPasswordLinkOnRegisteredPhoneNumber" time="9.69"/>
  <testcase classname="com.ixfi.testcases.ForgotPasswordPageTest" name="verifyUserIsAbleToClickOnForgotPasswordLink" time="2.325"/>
  <testcase classname="com.ixfi.testcases.ForgotPasswordPageTest" name="verifyUserIsAbleToNavigateBackToTheIndexPageFromForgotPasswordPage" time="2.603"/>
  <testcase classname="com.ixfi.testcases.ForgotPasswordPageTest" name="verifyWhenUserClickOnLoginLinkItWillNavigatedToTheLoginPage" time="3.867"/>
  <testcase classname="com.ixfi.testcases.FooterPageTest" name="verifyTheAppleStoreLinkIsPresentAndClickable" time="14.382"/>
  <testcase classname="com.ixfi.testcases.FooterPageTest" name="verifyTheFooterLinksPresentAndAbleToOpenInNewTab" time="24.197"/>
  <testcase classname="com.ixfi.testcases.FooterPageTest" name="verifyThePlayStoreLinkIsPresentAndClickable" time="5.232"/>
  <testcase classname="com.ixfi.testcases.FooterPageTest" name="verifyThePresenceOfIXFILogo" time="5.123"/>
  <testcase classname="com.ixfi.testcases.FooterPageTest" name="verifyTheSocialMediaFooterLinksPresentAndAbleToOpenInNewTab" time="22.292"/>
  <testcase classname="com.ixfi.testcases.StatusPageTest" name="checkTotalCountOfWalletPages" time="15.187"/>
  <testcase classname="com.ixfi.testcases.StatusPageTest" name="validateWalletSectionTableData_CurrentStateByServices" time="16.881"/>
  <testcase classname="com.ixfi.testcases.StatusPageTest" name="verifyThatUserIsAbleToClickOnAllProgramSection" time="5.511"/>
  <testcase classname="com.ixfi.testcases.StatusPageTest" name="verifyThatUserIsAbleToClickOnSystemStatusLinkAndNavigatesToTheStatusPage" time="5.074"/>
  <testcase classname="com.ixfi.testcases.StatusPageTest" name="verifyTheAllProgrammSectionTableData_CurrentStateByServices" time="9.014"/>
  <testcase classname="com.ixfi.basepage.BaseClass" name="@AfterSuite afterSuite" time="0.0">
    <ignored/>
  </testcase> <!-- @AfterSuite afterSuite -->
  <testcase classname="com.ixfi.basepage.BaseClass" name="@AfterSuite afterSuite" time="0.0">
    <ignored/>
  </testcase> <!-- @AfterSuite afterSuite -->
  <testcase classname="com.ixfi.basepage.BaseClass" name="@AfterSuite afterSuite" time="0.0">
    <ignored/>
  </testcase> <!-- @AfterSuite afterSuite -->
  <testcase classname="com.ixfi.basepage.BaseClass" name="@AfterSuite afterSuite" time="0.0">
    <ignored/>
  </testcase> <!-- @AfterSuite afterSuite -->
  <testcase classname="com.ixfi.basepage.BaseClass" name="@AfterSuite afterSuite" time="0.0">
    <ignored/>
  </testcase> <!-- @AfterSuite afterSuite -->
  <testcase classname="com.ixfi.basepage.BaseClass" name="@BeforeSuite loadConfiguration" time="0.0">
    <ignored/>
  </testcase> <!-- @BeforeSuite loadConfiguration -->
  <testcase classname="com.ixfi.basepage.BaseClass" name="@BeforeSuite loadConfiguration" time="0.0">
    <ignored/>
  </testcase> <!-- @BeforeSuite loadConfiguration -->
  <testcase classname="com.ixfi.basepage.BaseClass" name="@BeforeSuite loadConfiguration" time="0.0">
    <ignored/>
  </testcase> <!-- @BeforeSuite loadConfiguration -->
  <testcase classname="com.ixfi.basepage.BaseClass" name="@BeforeSuite loadConfiguration" time="0.0">
    <ignored/>
  </testcase> <!-- @BeforeSuite loadConfiguration -->
  <testcase classname="com.ixfi.basepage.BaseClass" name="@BeforeSuite loadConfiguration" time="0.0">
    <ignored/>
  </testcase> <!-- @BeforeSuite loadConfiguration -->
</testsuite> <!-- Test_All -->
