<?xml version="1.0" encoding="UTF-8"?>
<!-- Generated by org.testng.reporters.JUnitXMLReporter -->
<testsuite ignored="6" hostname="DESKTOP-6QPA4M0" failures="1" tests="1" name="Default test" time="22.905" errors="0" timestamp="2024-12-09T17:04:12 IST">
  <testcase classname="com.ixfi.testcases.StatusPageTest" name="validateTradeInfoSectionTableData_CurrentStateByServices" time="14.361">
    <failure type="java.lang.IndexOutOfBoundsException" message="Index 4 out of bounds for length 2">
      <![CDATA[java.lang.IndexOutOfBoundsException: Index 4 out of bounds for length 2
at java.base/jdk.internal.util.Preconditions.outOfBounds(Preconditions.java:100)
at java.base/jdk.internal.util.Preconditions.outOfBoundsCheckIndex(Preconditions.java:106)
at java.base/jdk.internal.util.Preconditions.checkIndex(Preconditions.java:302)
at java.base/java.util.Objects.checkIndex(Objects.java:385)
at java.base/java.util.ArrayList.get(ArrayList.java:427)
at com.ixfi.testcases.StatusPageTest.validateTradeInfoSectionTableData_CurrentStateByServices(StatusPageTest.java:252)
at java.base/jdk.internal.reflect.DirectMethodHandleAccessor.invoke(DirectMethodHandleAccessor.java:103)
at java.base/java.lang.reflect.Method.invoke(Method.java:580)
at org.testng.internal.MethodInvocationHelper.invokeMethod(MethodInvocationHelper.java:133)
at org.testng.internal.TestInvoker.invokeMethod(TestInvoker.java:598)
at org.testng.internal.TestInvoker.invokeTestMethod(TestInvoker.java:173)
at org.testng.internal.MethodRunner.runInSequence(MethodRunner.java:46)
at org.testng.internal.TestInvoker$MethodInvocationAgent.invoke(TestInvoker.java:824)
at org.testng.internal.TestInvoker.invokeTestMethods(TestInvoker.java:146)
at org.testng.internal.TestMethodWorker.invokeTestMethods(TestMethodWorker.java:146)
at org.testng.internal.TestMethodWorker.run(TestMethodWorker.java:128)
at java.base/java.util.ArrayList.forEach(ArrayList.java:1596)
at org.testng.TestRunner.privateRun(TestRunner.java:794)
at org.testng.TestRunner.run(TestRunner.java:596)
at org.testng.SuiteRunner.runTest(SuiteRunner.java:377)
at org.testng.SuiteRunner.runSequentially(SuiteRunner.java:371)
at org.testng.SuiteRunner.privateRun(SuiteRunner.java:332)
at org.testng.SuiteRunner.run(SuiteRunner.java:276)
at org.testng.SuiteRunnerWorker.runSuite(SuiteRunnerWorker.java:53)
at org.testng.SuiteRunnerWorker.run(SuiteRunnerWorker.java:96)
at org.testng.TestNG.runSuitesSequentially(TestNG.java:1212)
at org.testng.TestNG.runSuitesLocally(TestNG.java:1134)
at org.testng.TestNG.runSuites(TestNG.java:1063)
at org.testng.TestNG.run(TestNG.java:1031)
at org.testng.remote.AbstractRemoteTestNG.run(AbstractRemoteTestNG.java:115)
at org.testng.remote.RemoteTestNG.initAndRun(RemoteTestNG.java:293)
at org.testng.remote.RemoteTestNG.main(RemoteTestNG.java:91)
]]>
    </failure>
  </testcase> <!-- validateTradeInfoSectionTableData_CurrentStateByServices -->
  <testcase classname="com.ixfi.testcases.StatusPageTest" name="validateWalletSectionTableData_CurrentStateByServices" time="0.0">
    <ignored/>
  </testcase> <!-- validateWalletSectionTableData_CurrentStateByServices -->
  <testcase classname="com.ixfi.testcases.StatusPageTest" name="verifyThatUserIsAbleToClickOnSystemStatusLinkAndNavigatesToTheStatusPage" time="0.0">
    <ignored/>
  </testcase> <!-- verifyThatUserIsAbleToClickOnSystemStatusLinkAndNavigatesToTheStatusPage -->
  <testcase classname="com.ixfi.testcases.StatusPageTest" name="verifyThatUserIsAbleToNavigateToTheTradeInfoSection" time="0.0">
    <ignored/>
  </testcase> <!-- verifyThatUserIsAbleToNavigateToTheTradeInfoSection -->
  <testcase classname="com.ixfi.testcases.StatusPageTest" name="checkTotalCountOfWalletPages" time="0.0">
    <ignored/>
  </testcase> <!-- checkTotalCountOfWalletPages -->
  <testcase classname="com.ixfi.testcases.StatusPageTest" name="verifyThatUserIsAbleToClickOnAllProgramSection" time="0.0">
    <ignored/>
  </testcase> <!-- verifyThatUserIsAbleToClickOnAllProgramSection -->
  <testcase classname="com.ixfi.testcases.StatusPageTest" name="verifyTheAllProgrammSectionTableData_CurrentStateByServices" time="0.0">
    <ignored/>
  </testcase> <!-- verifyTheAllProgrammSectionTableData_CurrentStateByServices -->
</testsuite> <!-- Default test -->
