<?xml version="1.0" encoding="UTF-8"?>
<!-- Generated by org.testng.reporters.JUnitXMLReporter -->
<testsuite ignored="33" hostname="LAPTOP-OFVKRPE8" failures="0" tests="1" name="Default test" time="25.855" errors="0" timestamp="2024-10-24T18:25:56 IST">
  <testcase classname="com.ixfi.testcases.IndexPageTest" name="verifyThePresenceOfGen3_0CryptoExchangeText" time="0.15"/>
  <testcase classname="com.ixfi.testcases.IndexPageTest" name="verifyThatStartTradingNowButtonIsClickableAndUserIsNavigatedToTradePage" time="0.0">
    <ignored/>
  </testcase> <!-- verifyThatStartTradingNowButtonIsClickableAndUserIsNavigatedToTradePage -->
  <testcase classname="com.ixfi.testcases.IndexPageTest" name="verifyThePresenceOfRewardsProgramMenuDD" time="0.0">
    <ignored/>
  </testcase> <!-- verifyThePresenceOfRewardsProgramMenuDD -->
  <testcase classname="com.ixfi.testcases.IndexPageTest" name="verifyThePresenceOfCryptoParaText" time="0.0">
    <ignored/>
  </testcase> <!-- verifyThePresenceOfCryptoParaText -->
  <testcase classname="com.ixfi.testcases.IndexPageTest" name="verifyThatTopSectionsDownloadAppWillOpenInNewTab" time="0.0">
    <ignored/>
  </testcase> <!-- verifyThatTopSectionsDownloadAppWillOpenInNewTab -->
  <testcase classname="com.ixfi.testcases.IndexPageTest" name="verifyThatUserIsAbleToClickOnCompleteTaskSectionAndAbleToNavigateToTheRewardsProgramTaskCenterPage" time="0.0">
    <ignored/>
  </testcase> <!-- verifyThatUserIsAbleToClickOnCompleteTaskSectionAndAbleToNavigateToTheRewardsProgramTaskCenterPage -->
  <testcase classname="com.ixfi.testcases.IndexPageTest" name="verifyTradeButtonFromTheMarketTablesActionColumnIsClickableAndOpenItInNewTab" time="0.0">
    <ignored/>
  </testcase> <!-- verifyTradeButtonFromTheMarketTablesActionColumnIsClickableAndOpenItInNewTab -->
  <testcase classname="com.ixfi.testcases.IndexPageTest" name="verifyThePresenceOfResearchMenuDD" time="0.0">
    <ignored/>
  </testcase> <!-- verifyThePresenceOfResearchMenuDD -->
  <testcase classname="com.ixfi.testcases.IndexPageTest" name="verifyThatUserIsAbleToNavigateToTheEarnPlatformRewardsProgramSectionAndValidateTheTitleOfTheSection" time="0.0">
    <ignored/>
  </testcase> <!-- verifyThatUserIsAbleToNavigateToTheEarnPlatformRewardsProgramSectionAndValidateTheTitleOfTheSection -->
  <testcase classname="com.ixfi.testcases.IndexPageTest" name="validateMarketTrendTopTableDataTest" time="0.0">
    <ignored/>
  </testcase> <!-- validateMarketTrendTopTableDataTest -->
  <testcase classname="com.ixfi.testcases.IndexPageTest" name="verifyDownloadButtonIsClickableUnderHamburgerMenu" time="0.0">
    <ignored/>
  </testcase> <!-- verifyDownloadButtonIsClickableUnderHamburgerMenu -->
  <testcase classname="com.ixfi.testcases.IndexPageTest" name="verifyThatBottomSectionsDownloadAppWillOpenInNewTab" time="0.0">
    <ignored/>
  </testcase> <!-- verifyThatBottomSectionsDownloadAppWillOpenInNewTab -->
  <testcase classname="com.ixfi.testcases.IndexPageTest" name="verifyUserIsAbleToClickOnAirdropsCardAndAbleToNavigateToAirdropsPage" time="0.0">
    <ignored/>
  </testcase> <!-- verifyUserIsAbleToClickOnAirdropsCardAndAbleToNavigateToAirdropsPage -->
  <testcase classname="com.ixfi.testcases.IndexPageTest" name="validateMarketTrendLosersTableDataTest" time="0.0">
    <ignored/>
  </testcase> <!-- validateMarketTrendLosersTableDataTest -->
  <testcase classname="com.ixfi.testcases.IndexPageTest" name="verifyUserIsAbleToClickOnReferralProgramCardAndAbleToNavigateToReferralProgamPage" time="0.0">
    <ignored/>
  </testcase> <!-- verifyUserIsAbleToClickOnReferralProgramCardAndAbleToNavigateToReferralProgamPage -->
  <testcase classname="com.ixfi.testcases.IndexPageTest" name="verifyUserIsAbleToClickOnRewardsCenterCardAndAbleToNavigateToRewardsPage" time="0.0">
    <ignored/>
  </testcase> <!-- verifyUserIsAbleToClickOnRewardsCenterCardAndAbleToNavigateToRewardsPage -->
  <testcase classname="com.ixfi.testcases.IndexPageTest" name="verifyTheDayLightModeIsChangingWhenUserClicksOnItFromDayToNightMode" time="0.0">
    <ignored/>
  </testcase> <!-- verifyTheDayLightModeIsChangingWhenUserClicksOnItFromDayToNightMode -->
  <testcase classname="com.ixfi.testcases.IndexPageTest" name="verifyThatUserIsAbleToNavigateToTheEarnPlatformRewardsProgramSectionAndValidateTheParagraphOfTheSection" time="0.0">
    <ignored/>
  </testcase> <!-- verifyThatUserIsAbleToNavigateToTheEarnPlatformRewardsProgramSectionAndValidateTheParagraphOfTheSection -->
  <testcase classname="com.ixfi.testcases.IndexPageTest" name="verifyThatCurrencyButtonIsClickableUnderHamburgerMenuAndUserIsAbleToSelectTheCurrency" time="0.0">
    <ignored/>
  </testcase> <!-- verifyThatCurrencyButtonIsClickableUnderHamburgerMenuAndUserIsAbleToSelectTheCurrency -->
  <testcase classname="com.ixfi.testcases.IndexPageTest" name="verifyThePresenceOfHeaderMenu" time="0.0">
    <ignored/>
  </testcase> <!-- verifyThePresenceOfHeaderMenu -->
  <testcase classname="com.ixfi.testcases.IndexPageTest" name="verifyThatWeeklySummaryReportSectionIsPresentAndUserIsAbleToClickOnReadMoreButtonAndOpenTheSummaryReportOnNewTab" time="0.0">
    <ignored/>
  </testcase> <!-- verifyThatWeeklySummaryReportSectionIsPresentAndUserIsAbleToClickOnReadMoreButtonAndOpenTheSummaryReportOnNewTab -->
  <testcase classname="com.ixfi.testcases.IndexPageTest" name="verifyThatUserIsAbleToClickOnJoinIXFISectionAndAbleToNavigateToTheSignUpPage" time="0.0">
    <ignored/>
  </testcase> <!-- verifyThatUserIsAbleToClickOnJoinIXFISectionAndAbleToNavigateToTheSignUpPage -->
  <testcase classname="com.ixfi.testcases.IndexPageTest" name="verifySignUpButtonIsClickable" time="0.0">
    <ignored/>
  </testcase> <!-- verifySignUpButtonIsClickable -->
  <testcase classname="com.ixfi.testcases.IndexPageTest" name="verifyUserIsAbleToClickOnConvertFeeCardAndAbleToNavigateToConvertPage" time="0.0">
    <ignored/>
  </testcase> <!-- verifyUserIsAbleToClickOnConvertFeeCardAndAbleToNavigateToConvertPage -->
  <testcase classname="com.ixfi.testcases.IndexPageTest" name="verifyTheDayLightModeIsChangingWhenUserClicksOnItFromNightToDayMode" time="0.0">
    <ignored/>
  </testcase> <!-- verifyTheDayLightModeIsChangingWhenUserClicksOnItFromNightToDayMode -->
  <testcase classname="com.ixfi.testcases.IndexPageTest" name="verifyThePresenceOfConvertMenuDD" time="0.0">
    <ignored/>
  </testcase> <!-- verifyThePresenceOfConvertMenuDD -->
  <testcase classname="com.ixfi.testcases.IndexPageTest" name="verifyDetailsButtonFromTheMarketTablesActionColumnIsClickableAndOpenItInNewTab" time="0.0">
    <ignored/>
  </testcase> <!-- verifyDetailsButtonFromTheMarketTablesActionColumnIsClickableAndOpenItInNewTab -->
  <testcase classname="com.ixfi.testcases.IndexPageTest" name="verifyPresenceOfIxfiLogo" time="0.0">
    <ignored/>
  </testcase> <!-- verifyPresenceOfIxfiLogo -->
  <testcase classname="com.ixfi.testcases.IndexPageTest" name="validateMarketTrendGainersTableDataTest" time="0.0">
    <ignored/>
  </testcase> <!-- validateMarketTrendGainersTableDataTest -->
  <testcase classname="com.ixfi.testcases.IndexPageTest" name="verifyLoginButtonIsClickable" time="0.0">
    <ignored/>
  </testcase> <!-- verifyLoginButtonIsClickable -->
  <testcase classname="com.ixfi.testcases.IndexPageTest" name="verifyIXFIWebPageTitle" time="0.0">
    <ignored/>
  </testcase> <!-- verifyIXFIWebPageTitle -->
  <testcase classname="com.ixfi.testcases.IndexPageTest" name="verifyLangaugeButtonIsClickableUnderHamburgerMenuAndUserIsAbleToExtractTheLanguagesAndClickOnThem" time="0.0">
    <ignored/>
  </testcase> <!-- verifyLangaugeButtonIsClickableUnderHamburgerMenuAndUserIsAbleToExtractTheLanguagesAndClickOnThem -->
  <testcase classname="com.ixfi.testcases.IndexPageTest" name="verifyThatUserIsAbleToClickOnGetFreeCryptoSectionAndAbleToNavigateToTheRewardsProgramPage" time="0.0">
    <ignored/>
  </testcase> <!-- verifyThatUserIsAbleToClickOnGetFreeCryptoSectionAndAbleToNavigateToTheRewardsProgramPage -->
  <testcase classname="com.ixfi.testcases.IndexPageTest" name="verifyLoginButtonIsClickableAndUserIsNavigatedToLoginPage" time="0.0">
    <ignored/>
  </testcase> <!-- verifyLoginButtonIsClickableAndUserIsNavigatedToLoginPage -->
</testsuite> <!-- Default test -->
